mode: set
github.com/mrhumster/web-server-gin/config/config.go:27.26,42.2 1 1
github.com/mrhumster/web-server-gin/config/config.go:44.39,53.2 1 1
github.com/mrhumster/web-server-gin/config/config.go:55.46,56.42 1 1
github.com/mrhumster/web-server-gin/config/config.go:56.42,58.3 1 1
github.com/mrhumster/web-server-gin/config/config.go:59.2,59.21 1 1
github.com/mrhumster/web-server-gin/config/config.go:62.26,78.2 1 1
github.com/mrhumster/web-server-gin/models/user.go:18.51,20.16 2 1
github.com/mrhumster/web-server-gin/models/user.go:20.16,22.3 1 0
github.com/mrhumster/web-server-gin/models/user.go:23.2,25.12 3 1
github.com/mrhumster/web-server-gin/models/user.go:28.52,32.2 3 1
github.com/mrhumster/web-server-gin/models/user.go:34.56,40.2 5 1
github.com/mrhumster/web-server-gin/models/user.go:42.68,43.19 1 1
github.com/mrhumster/web-server-gin/models/user.go:43.19,45.3 1 1
github.com/mrhumster/web-server-gin/models/user.go:47.2,47.23 1 1
github.com/mrhumster/web-server-gin/models/user.go:47.23,49.3 1 1
github.com/mrhumster/web-server-gin/models/user.go:51.2,51.20 1 1
github.com/mrhumster/web-server-gin/models/user.go:51.20,53.3 1 1
github.com/mrhumster/web-server-gin/dto/response/user.go:26.55,34.2 7 1
github.com/mrhumster/web-server-gin/database/database.go:10.48,13.16 2 1
github.com/mrhumster/web-server-gin/database/database.go:13.16,14.35 1 0
github.com/mrhumster/web-server-gin/database/database.go:17.2,18.11 2 1
github.com/mrhumster/web-server-gin/repository/user_repository.go:14.53,16.2 1 1
github.com/mrhumster/web-server-gin/repository/user_repository.go:18.90,20.25 2 1
github.com/mrhumster/web-server-gin/repository/user_repository.go:20.25,22.3 1 1
github.com/mrhumster/web-server-gin/repository/user_repository.go:23.2,23.21 1 1
github.com/mrhumster/web-server-gin/repository/user_repository.go:26.91,29.25 3 1
github.com/mrhumster/web-server-gin/repository/user_repository.go:29.25,31.3 1 1
github.com/mrhumster/web-server-gin/repository/user_repository.go:32.2,32.18 1 1
github.com/mrhumster/web-server-gin/repository/user_repository.go:35.113,38.25 3 1
github.com/mrhumster/web-server-gin/repository/user_repository.go:38.25,40.3 1 0
github.com/mrhumster/web-server-gin/repository/user_repository.go:41.2,43.25 3 1
github.com/mrhumster/web-server-gin/repository/user_repository.go:43.25,45.3 1 0
github.com/mrhumster/web-server-gin/repository/user_repository.go:46.2,46.30 1 1
github.com/mrhumster/web-server-gin/repository/user_repository.go:49.77,52.2 2 1
github.com/mrhumster/web-server-gin/repository/user_repository.go:54.105,59.88 5 1
github.com/mrhumster/web-server-gin/repository/user_repository.go:59.88,61.3 1 0
github.com/mrhumster/web-server-gin/repository/user_repository.go:63.2,68.25 2 1
github.com/mrhumster/web-server-gin/repository/user_repository.go:68.25,70.3 1 0
github.com/mrhumster/web-server-gin/repository/user_repository.go:71.2,71.26 1 1
github.com/mrhumster/web-server-gin/routes/routes.go:14.43,26.40 10 1
github.com/mrhumster/web-server-gin/routes/routes.go:26.40,27.36 1 0
github.com/mrhumster/web-server-gin/routes/routes.go:27.36,31.4 3 0
github.com/mrhumster/web-server-gin/routes/routes.go:32.3,32.47 1 0
github.com/mrhumster/web-server-gin/routes/routes.go:34.2,34.10 1 1
github.com/mrhumster/web-server-gin/service/user_service.go:23.67,25.2 1 1
github.com/mrhumster/web-server-gin/service/user_service.go:27.87,29.16 2 1
github.com/mrhumster/web-server-gin/service/user_service.go:29.16,31.29 2 1
github.com/mrhumster/web-server-gin/service/user_service.go:31.29,32.29 1 1
github.com/mrhumster/web-server-gin/service/user_service.go:32.29,34.5 1 1
github.com/mrhumster/web-server-gin/service/user_service.go:36.3,36.44 1 0
github.com/mrhumster/web-server-gin/service/user_service.go:36.44,38.4 1 0
github.com/mrhumster/web-server-gin/service/user_service.go:39.3,39.16 1 0
github.com/mrhumster/web-server-gin/service/user_service.go:41.2,41.16 1 1
github.com/mrhumster/web-server-gin/service/user_service.go:44.84,46.2 1 1
github.com/mrhumster/web-server-gin/service/user_service.go:48.110,50.2 1 1
github.com/mrhumster/web-server-gin/service/user_service.go:52.70,54.2 1 1
github.com/mrhumster/web-server-gin/service/user_service.go:56.106,58.2 1 1
github.com/mrhumster/web-server-gin/cmd/main.go:17.13,22.15 4 0
github.com/mrhumster/web-server-gin/cmd/main.go:22.15,25.17 3 0
github.com/mrhumster/web-server-gin/cmd/main.go:25.17,27.4 1 0
github.com/mrhumster/web-server-gin/cmd/main.go:28.3,28.39 1 0
github.com/mrhumster/web-server-gin/cmd/main.go:28.39,30.4 1 0
github.com/mrhumster/web-server-gin/cmd/main.go:33.2,38.12 2 0
github.com/mrhumster/web-server-gin/cmd/main.go:38.12,40.77 2 0
github.com/mrhumster/web-server-gin/cmd/main.go:40.77,42.4 1 0
github.com/mrhumster/web-server-gin/cmd/main.go:45.2,53.42 7 0
github.com/mrhumster/web-server-gin/cmd/main.go:53.42,55.3 1 0
github.com/mrhumster/web-server-gin/cmd/main.go:57.2,57.35 1 0
github.com/mrhumster/web-server-gin/tests/testutils/testdb.go:16.28,24.16 4 0
github.com/mrhumster/web-server-gin/tests/testutils/testdb.go:24.16,27.3 2 0
github.com/mrhumster/web-server-gin/tests/testutils/testdb.go:28.2,33.16 3 0
github.com/mrhumster/web-server-gin/tests/testutils/testdb.go:33.16,35.3 1 0
github.com/mrhumster/web-server-gin/tests/testutils/testdb.go:36.2,37.15 2 0
github.com/mrhumster/web-server-gin/tests/testutils/testdb.go:40.29,41.19 1 0
github.com/mrhumster/web-server-gin/tests/testutils/testdb.go:41.19,43.3 1 0
github.com/mrhumster/web-server-gin/tests/testutils/testdb.go:44.2,45.15 2 0
github.com/mrhumster/web-server-gin/tests/testutils/testdb.go:48.26,49.19 1 0
github.com/mrhumster/web-server-gin/tests/testutils/testdb.go:49.19,51.3 1 0
github.com/mrhumster/web-server-gin/tests/testutils/testdb.go:53.2,56.31 3 0
github.com/mrhumster/web-server-gin/tests/testutils/testdb.go:56.31,58.3 1 0
github.com/mrhumster/web-server-gin/tests/testutils/testdb.go:60.2,60.57 1 0
github.com/mrhumster/web-server-gin/tests/testutils/testdb.go:63.29,64.19 1 0
github.com/mrhumster/web-server-gin/tests/testutils/testdb.go:64.19,66.17 2 0
github.com/mrhumster/web-server-gin/tests/testutils/testdb.go:66.17,69.4 2 0
github.com/mrhumster/web-server-gin/tests/testutils/testdb.go:70.3,71.15 2 0
github.com/mrhumster/web-server-gin/tests/testutils/testdb.go:75.27,76.19 1 0
github.com/mrhumster/web-server-gin/tests/testutils/testdb.go:76.19,78.3 1 0
github.com/mrhumster/web-server-gin/tests/testutils/testdb.go:79.2,79.15 1 0
github.com/mrhumster/web-server-gin/handler/common.go:5.62,6.26 1 1
github.com/mrhumster/web-server-gin/handler/common.go:7.18,8.34 1 1
github.com/mrhumster/web-server-gin/handler/common.go:9.15,10.32 1 1
github.com/mrhumster/web-server-gin/handler/common.go:11.13,12.30 1 1
github.com/mrhumster/web-server-gin/handler/common.go:13.13,14.29 1 1
github.com/mrhumster/web-server-gin/handler/common.go:15.13,16.30 1 1
github.com/mrhumster/web-server-gin/handler/common.go:17.13,18.30 1 1
github.com/mrhumster/web-server-gin/handler/common.go:19.10,20.28 1 1
github.com/mrhumster/web-server-gin/handler/user_handler.go:19.64,21.2 1 1
github.com/mrhumster/web-server-gin/handler/user_handler.go:23.50,25.48 2 1
github.com/mrhumster/web-server-gin/handler/user_handler.go:25.48,26.67 1 1
github.com/mrhumster/web-server-gin/handler/user_handler.go:26.67,28.48 2 1
github.com/mrhumster/web-server-gin/handler/user_handler.go:28.48,30.5 1 1
github.com/mrhumster/web-server-gin/handler/user_handler.go:31.4,32.10 2 1
github.com/mrhumster/web-server-gin/handler/user_handler.go:34.3,35.9 2 1
github.com/mrhumster/web-server-gin/handler/user_handler.go:38.2,38.25 1 1
github.com/mrhumster/web-server-gin/handler/user_handler.go:38.25,41.3 2 0
github.com/mrhumster/web-server-gin/handler/user_handler.go:42.2,45.16 4 1
github.com/mrhumster/web-server-gin/handler/user_handler.go:45.16,46.14 1 1
github.com/mrhumster/web-server-gin/handler/user_handler.go:47.37,50.6 1 1
github.com/mrhumster/web-server-gin/handler/user_handler.go:52.11,55.6 1 0
github.com/mrhumster/web-server-gin/handler/user_handler.go:57.3,57.9 1 1
github.com/mrhumster/web-server-gin/handler/user_handler.go:60.2,60.45 1 1
github.com/mrhumster/web-server-gin/handler/user_handler.go:63.48,66.16 3 1
github.com/mrhumster/web-server-gin/handler/user_handler.go:66.16,69.3 2 1
github.com/mrhumster/web-server-gin/handler/user_handler.go:71.2,72.16 2 1
github.com/mrhumster/web-server-gin/handler/user_handler.go:72.16,75.3 2 0
github.com/mrhumster/web-server-gin/handler/user_handler.go:76.2,78.26 3 1
github.com/mrhumster/web-server-gin/handler/user_handler.go:81.46,84.16 3 1
github.com/mrhumster/web-server-gin/handler/user_handler.go:84.16,87.3 2 0
github.com/mrhumster/web-server-gin/handler/user_handler.go:89.2,90.48 2 1
github.com/mrhumster/web-server-gin/handler/user_handler.go:90.48,93.3 2 0
github.com/mrhumster/web-server-gin/handler/user_handler.go:94.2,95.16 2 1
github.com/mrhumster/web-server-gin/handler/user_handler.go:95.16,98.3 2 0
github.com/mrhumster/web-server-gin/handler/user_handler.go:99.2,100.16 2 1
github.com/mrhumster/web-server-gin/handler/user_handler.go:100.16,103.3 2 0
github.com/mrhumster/web-server-gin/handler/user_handler.go:104.2,106.33 3 1
github.com/mrhumster/web-server-gin/handler/user_handler.go:109.46,112.16 3 1
github.com/mrhumster/web-server-gin/handler/user_handler.go:112.16,115.3 2 1
github.com/mrhumster/web-server-gin/handler/user_handler.go:116.2,117.16 2 1
github.com/mrhumster/web-server-gin/handler/user_handler.go:117.16,120.3 2 0
github.com/mrhumster/web-server-gin/handler/user_handler.go:121.2,121.34 1 1
github.com/mrhumster/web-server-gin/handler/user_handler.go:124.49,130.19 4 1
github.com/mrhumster/web-server-gin/handler/user_handler.go:130.19,132.3 1 1
github.com/mrhumster/web-server-gin/handler/user_handler.go:134.2,134.14 1 1
github.com/mrhumster/web-server-gin/handler/user_handler.go:134.14,137.3 2 1
github.com/mrhumster/web-server-gin/handler/user_handler.go:139.2,140.20 2 1
github.com/mrhumster/web-server-gin/handler/user_handler.go:140.20,142.3 1 1
github.com/mrhumster/web-server-gin/handler/user_handler.go:143.2,143.15 1 1
github.com/mrhumster/web-server-gin/handler/user_handler.go:143.15,146.3 2 1
github.com/mrhumster/web-server-gin/handler/user_handler.go:148.2,149.16 2 1
github.com/mrhumster/web-server-gin/handler/user_handler.go:149.16,152.3 2 0
github.com/mrhumster/web-server-gin/handler/user_handler.go:153.2,154.29 2 1
github.com/mrhumster/web-server-gin/handler/user_handler.go:154.29,158.3 3 1
github.com/mrhumster/web-server-gin/handler/user_handler.go:159.2,164.4 1 1
