mode: set
github.com/mrhumster/web-server-gin/cmd/main.go:17.13,22.15 4 0
github.com/mrhumster/web-server-gin/cmd/main.go:22.15,25.17 3 0
github.com/mrhumster/web-server-gin/cmd/main.go:25.17,27.4 1 0
github.com/mrhumster/web-server-gin/cmd/main.go:28.3,28.39 1 0
github.com/mrhumster/web-server-gin/cmd/main.go:28.39,30.4 1 0
github.com/mrhumster/web-server-gin/cmd/main.go:33.2,38.12 2 0
github.com/mrhumster/web-server-gin/cmd/main.go:38.12,40.77 2 0
github.com/mrhumster/web-server-gin/cmd/main.go:40.77,42.4 1 0
github.com/mrhumster/web-server-gin/cmd/main.go:45.2,53.42 7 0
github.com/mrhumster/web-server-gin/cmd/main.go:53.42,55.3 1 0
github.com/mrhumster/web-server-gin/cmd/main.go:57.2,57.35 1 0
github.com/mrhumster/web-server-gin/config/config.go:27.26,42.2 1 0
github.com/mrhumster/web-server-gin/config/config.go:44.39,53.2 1 0
github.com/mrhumster/web-server-gin/config/config.go:55.46,56.42 1 0
github.com/mrhumster/web-server-gin/config/config.go:56.42,58.3 1 0
github.com/mrhumster/web-server-gin/config/config.go:59.2,59.21 1 0
github.com/mrhumster/web-server-gin/config/config.go:62.26,78.2 1 0
github.com/mrhumster/web-server-gin/repository/album_repository.go:14.55,16.2 1 0
github.com/mrhumster/web-server-gin/repository/album_repository.go:18.94,20.25 2 0
github.com/mrhumster/web-server-gin/repository/album_repository.go:20.25,22.3 1 0
github.com/mrhumster/web-server-gin/repository/album_repository.go:23.2,23.22 1 0
github.com/mrhumster/web-server-gin/repository/album_repository.go:26.93,29.25 3 0
github.com/mrhumster/web-server-gin/repository/album_repository.go:29.25,31.3 1 0
github.com/mrhumster/web-server-gin/repository/album_repository.go:32.2,32.20 1 0
github.com/mrhumster/web-server-gin/repository/album_repository.go:35.79,38.25 3 0
github.com/mrhumster/web-server-gin/repository/album_repository.go:38.25,40.3 1 0
github.com/mrhumster/web-server-gin/repository/album_repository.go:41.2,41.12 1 0
github.com/mrhumster/web-server-gin/repository/user_repository.go:14.53,16.2 1 0
github.com/mrhumster/web-server-gin/repository/user_repository.go:18.90,20.25 2 0
github.com/mrhumster/web-server-gin/repository/user_repository.go:20.25,22.3 1 0
github.com/mrhumster/web-server-gin/repository/user_repository.go:23.2,23.21 1 0
github.com/mrhumster/web-server-gin/repository/user_repository.go:26.91,29.25 3 0
github.com/mrhumster/web-server-gin/repository/user_repository.go:29.25,31.3 1 0
github.com/mrhumster/web-server-gin/repository/user_repository.go:32.2,32.18 1 0
github.com/mrhumster/web-server-gin/repository/user_repository.go:35.99,38.25 3 0
github.com/mrhumster/web-server-gin/repository/user_repository.go:38.25,40.3 1 0
github.com/mrhumster/web-server-gin/repository/user_repository.go:42.2,47.25 4 0
github.com/mrhumster/web-server-gin/repository/user_repository.go:47.25,49.3 1 0
github.com/mrhumster/web-server-gin/repository/user_repository.go:50.2,50.30 1 0
github.com/mrhumster/web-server-gin/repository/user_repository.go:53.77,56.2 2 0
github.com/mrhumster/web-server-gin/repository/user_repository.go:58.105,63.88 5 0
github.com/mrhumster/web-server-gin/repository/user_repository.go:63.88,65.3 1 0
github.com/mrhumster/web-server-gin/repository/user_repository.go:67.2,72.25 2 0
github.com/mrhumster/web-server-gin/repository/user_repository.go:72.25,74.3 1 0
github.com/mrhumster/web-server-gin/repository/user_repository.go:75.2,75.26 1 0
github.com/mrhumster/web-server-gin/routes/routes.go:17.61,20.16 2 0
github.com/mrhumster/web-server-gin/routes/routes.go:20.16,21.35 1 0
github.com/mrhumster/web-server-gin/routes/routes.go:25.2,46.40 17 0
github.com/mrhumster/web-server-gin/routes/routes.go:46.40,47.36 1 0
github.com/mrhumster/web-server-gin/routes/routes.go:47.36,51.4 3 0
github.com/mrhumster/web-server-gin/routes/routes.go:52.3,52.47 1 0
github.com/mrhumster/web-server-gin/routes/routes.go:55.2,55.11 1 0
github.com/mrhumster/web-server-gin/service/album_service.go:14.70,16.2 1 0
github.com/mrhumster/web-server-gin/service/album_service.go:18.91,20.2 1 0
github.com/mrhumster/web-server-gin/service/album_service.go:22.90,24.2 1 0
github.com/mrhumster/web-server-gin/service/album_service.go:26.76,28.2 1 0
github.com/mrhumster/web-server-gin/service/user_service.go:23.67,25.2 1 0
github.com/mrhumster/web-server-gin/service/user_service.go:27.87,29.16 2 0
github.com/mrhumster/web-server-gin/service/user_service.go:29.16,31.29 2 0
github.com/mrhumster/web-server-gin/service/user_service.go:31.29,32.29 1 0
github.com/mrhumster/web-server-gin/service/user_service.go:32.29,34.5 1 0
github.com/mrhumster/web-server-gin/service/user_service.go:36.3,36.44 1 0
github.com/mrhumster/web-server-gin/service/user_service.go:36.44,38.4 1 0
github.com/mrhumster/web-server-gin/service/user_service.go:39.3,39.16 1 0
github.com/mrhumster/web-server-gin/service/user_service.go:41.2,41.16 1 0
github.com/mrhumster/web-server-gin/service/user_service.go:44.84,46.2 1 0
github.com/mrhumster/web-server-gin/service/user_service.go:48.96,50.2 1 0
github.com/mrhumster/web-server-gin/service/user_service.go:52.70,54.2 1 0
github.com/mrhumster/web-server-gin/service/user_service.go:56.106,60.2 3 0
github.com/mrhumster/web-server-gin/tests/testutils/testdb.go:16.28,24.16 4 0
github.com/mrhumster/web-server-gin/tests/testutils/testdb.go:24.16,27.3 2 0
github.com/mrhumster/web-server-gin/tests/testutils/testdb.go:28.2,34.16 3 0
github.com/mrhumster/web-server-gin/tests/testutils/testdb.go:34.16,36.3 1 0
github.com/mrhumster/web-server-gin/tests/testutils/testdb.go:37.2,38.15 2 0
github.com/mrhumster/web-server-gin/tests/testutils/testdb.go:41.29,42.19 1 0
github.com/mrhumster/web-server-gin/tests/testutils/testdb.go:42.19,44.3 1 0
github.com/mrhumster/web-server-gin/tests/testutils/testdb.go:45.2,46.15 2 0
github.com/mrhumster/web-server-gin/tests/testutils/testdb.go:49.26,50.19 1 0
github.com/mrhumster/web-server-gin/tests/testutils/testdb.go:50.19,52.3 1 0
github.com/mrhumster/web-server-gin/tests/testutils/testdb.go:54.2,57.31 3 0
github.com/mrhumster/web-server-gin/tests/testutils/testdb.go:57.31,59.3 1 0
github.com/mrhumster/web-server-gin/tests/testutils/testdb.go:61.2,61.57 1 0
github.com/mrhumster/web-server-gin/tests/testutils/testdb.go:64.29,65.19 1 0
github.com/mrhumster/web-server-gin/tests/testutils/testdb.go:65.19,67.17 2 0
github.com/mrhumster/web-server-gin/tests/testutils/testdb.go:67.17,70.4 2 0
github.com/mrhumster/web-server-gin/tests/testutils/testdb.go:71.3,72.15 2 0
github.com/mrhumster/web-server-gin/tests/testutils/testdb.go:76.27,77.19 1 0
github.com/mrhumster/web-server-gin/tests/testutils/testdb.go:77.19,79.3 1 0
github.com/mrhumster/web-server-gin/tests/testutils/testdb.go:80.2,80.15 1 0
github.com/mrhumster/web-server-gin/handler/album_handler.go:16.67,18.2 1 0
github.com/mrhumster/web-server-gin/handler/album_handler.go:20.52,22.49 2 0
github.com/mrhumster/web-server-gin/handler/album_handler.go:22.49,25.3 2 0
github.com/mrhumster/web-server-gin/handler/album_handler.go:27.2,28.16 2 0
github.com/mrhumster/web-server-gin/handler/album_handler.go:28.16,31.3 2 0
github.com/mrhumster/web-server-gin/handler/album_handler.go:33.2,33.45 1 0
github.com/mrhumster/web-server-gin/handler/album_handler.go:36.53,39.16 3 0
github.com/mrhumster/web-server-gin/handler/album_handler.go:39.16,42.3 2 0
github.com/mrhumster/web-server-gin/handler/album_handler.go:43.2,44.16 2 0
github.com/mrhumster/web-server-gin/handler/album_handler.go:44.16,47.3 2 0
github.com/mrhumster/web-server-gin/handler/album_handler.go:48.2,48.31 1 0
github.com/mrhumster/web-server-gin/handler/album_handler.go:51.56,54.16 3 0
github.com/mrhumster/web-server-gin/handler/album_handler.go:54.16,57.3 2 0
github.com/mrhumster/web-server-gin/handler/album_handler.go:58.2,59.16 2 0
github.com/mrhumster/web-server-gin/handler/album_handler.go:59.16,62.3 2 0
github.com/mrhumster/web-server-gin/handler/album_handler.go:63.2,63.35 1 0
github.com/mrhumster/web-server-gin/handler/user_handler.go:18.64,20.2 1 1
github.com/mrhumster/web-server-gin/handler/user_handler.go:22.50,24.48 2 1
github.com/mrhumster/web-server-gin/handler/user_handler.go:24.48,27.3 2 1
github.com/mrhumster/web-server-gin/handler/user_handler.go:29.2,29.25 1 1
github.com/mrhumster/web-server-gin/handler/user_handler.go:29.25,32.3 2 1
github.com/mrhumster/web-server-gin/handler/user_handler.go:34.2,35.16 2 1
github.com/mrhumster/web-server-gin/handler/user_handler.go:35.16,37.14 2 1
github.com/mrhumster/web-server-gin/handler/user_handler.go:38.37,41.6 1 1
github.com/mrhumster/web-server-gin/handler/user_handler.go:43.11,46.6 1 0
github.com/mrhumster/web-server-gin/handler/user_handler.go:48.3,48.9 1 1
github.com/mrhumster/web-server-gin/handler/user_handler.go:51.2,51.45 1 1
github.com/mrhumster/web-server-gin/handler/user_handler.go:54.48,57.16 3 1
github.com/mrhumster/web-server-gin/handler/user_handler.go:57.16,60.3 2 1
github.com/mrhumster/web-server-gin/handler/user_handler.go:62.2,63.16 2 1
github.com/mrhumster/web-server-gin/handler/user_handler.go:63.16,66.3 2 0
github.com/mrhumster/web-server-gin/handler/user_handler.go:67.2,72.4 1 1
github.com/mrhumster/web-server-gin/handler/user_handler.go:75.46,78.16 3 0
github.com/mrhumster/web-server-gin/handler/user_handler.go:78.16,81.3 2 0
github.com/mrhumster/web-server-gin/handler/user_handler.go:83.2,84.48 2 0
github.com/mrhumster/web-server-gin/handler/user_handler.go:84.48,87.3 2 0
github.com/mrhumster/web-server-gin/handler/user_handler.go:88.2,89.16 2 0
github.com/mrhumster/web-server-gin/handler/user_handler.go:89.16,92.3 2 0
github.com/mrhumster/web-server-gin/handler/user_handler.go:93.2,93.40 1 0
github.com/mrhumster/web-server-gin/handler/user_handler.go:96.46,99.16 3 1
github.com/mrhumster/web-server-gin/handler/user_handler.go:99.16,102.3 2 1
github.com/mrhumster/web-server-gin/handler/user_handler.go:103.2,104.16 2 1
github.com/mrhumster/web-server-gin/handler/user_handler.go:104.16,107.3 2 0
github.com/mrhumster/web-server-gin/handler/user_handler.go:108.2,108.34 1 1
github.com/mrhumster/web-server-gin/handler/user_handler.go:111.49,116.19 4 1
github.com/mrhumster/web-server-gin/handler/user_handler.go:116.19,118.3 1 1
github.com/mrhumster/web-server-gin/handler/user_handler.go:120.2,120.14 1 1
github.com/mrhumster/web-server-gin/handler/user_handler.go:120.14,123.3 2 1
github.com/mrhumster/web-server-gin/handler/user_handler.go:125.2,126.20 2 1
github.com/mrhumster/web-server-gin/handler/user_handler.go:126.20,128.3 1 1
github.com/mrhumster/web-server-gin/handler/user_handler.go:129.2,129.15 1 1
github.com/mrhumster/web-server-gin/handler/user_handler.go:129.15,132.3 2 1
github.com/mrhumster/web-server-gin/handler/user_handler.go:134.2,135.16 2 1
github.com/mrhumster/web-server-gin/handler/user_handler.go:135.16,138.3 2 0
github.com/mrhumster/web-server-gin/handler/user_handler.go:139.2,140.29 2 1
github.com/mrhumster/web-server-gin/handler/user_handler.go:140.29,147.3 1 1
github.com/mrhumster/web-server-gin/handler/user_handler.go:148.2,153.4 1 1
